0.682102
0 0
1 0.108083
2 0.220336
3 0.452024
4 0.228448
5 0.337939
6 0.220952
7 0
8 0.682102
9 0
10 0
11 0
12 0
13 0
14 0
15 0
16 0
17 0
18 0
19 0
20 0
21 0
22 0
23 0
24 0
25 0
26 0
27 0
28 0
29 0
30 0
31 0
32 0
33 0
34 0
35 0
36 0
37 0
38 0
39 0
40 0
41 0
42 0
43 0
44 0
45 0
46 0
47 0
48 0
49 0
50 0
51 0
52 0
53 0
54 0
55 0
56 0
57 0
58 0
59 0
0 0 0.108083
1 0 0.107541
2 0.107541 0.220336
3 0 0.11425
4 0.11425 0.230778
5 0.230778 0.34166
6 0.34166 0.452024
7 0 0.11592
8 0 0.110286
9 0 0.112418
10 0.11592 0.228448
11 0.110286 0.228071
12 0.112418 0.220952
13 0 0.108485
14 0.108485 0.222657
15 0.222657 0.332943
16 0.332943 0.452296
17 0.452296 0.566116
18 0.566116 0.682102
19 0.228071 0.337939
