0.278296
0 0.26545
1 0.278296
2 0.254399
3 0.235131
4 0.230025
5 0.225653
6 0.220952
7 0.246872
8 0.222106
9 0.237353
10 0
11 0
12 0
13 0
14 0
15 0
16 0
17 0
18 0
19 0
20 0
21 0
22 0
23 0
24 0
25 0
26 0
27 0
28 0
29 0
30 0
31 0
32 0
33 0
34 0
35 0
36 0
37 0
38 0
39 0
40 0
41 0
42 0
43 0
44 0
45 0
46 0
47 0
48 0
49 0
50 0
51 0
52 0
53 0
54 0
55 0
56 0
57 0
58 0
59 0
0 0 0.113262
1 0.113262 0.26545
2 0 0.118675
3 0.118675 0.278296
4 0 0.128846
5 0.128846 0.254399
6 0 0.107363
7 0 0.11592
8 0.11592 0.230025
9 0 0.112418
10 0.107363 0.235131
11 0 0.112785
12 0.112418 0.220952
13 0 0.122693
14 0 0.116814
15 0 0.108286
16 0.122693 0.246872
17 0.108286 0.222106
18 0.116814 0.237353
19 0.112785 0.225653
